{"text": "2024-02-10 18:27:38 | INFO    | __main__:stash:131 | run - {'image': '20231121', 'version': '0.10.1.post2', 'role': 'EpicPlayer', 'headless': True}\n", "record": {"elapsed": {"repr": "0:00:01.399992", "seconds": 1.399992}, "exception": null, "extra": {"image": "20231121", "version": "0.10.1.post2", "role": "EpicPlayer", "headless": true}, "file": {"name": "claim.py", "path": "/home/runner/work/free/free/epic/src/claim.py"}, "function": "stash", "level": {"icon": "‚ÑπÔ∏è", "name": "INFO", "no": 20}, "line": 131, "message": "run", "module": "claim", "name": "__main__", "process": {"id": 3512, "name": "MainProcess"}, "thread": {"id": 139691122793344, "name": "MainThread"}, "time": {"repr": "2024-02-10 18:27:38.870903+08:00", "timestamp": 1707560858.870903}}}
{"text": "2024-02-10 18:27:47 | INFO    | __main__:claim_epic_games:97 | Try to flush cookie - {'task': 'claim_epic_games'}\n", "record": {"elapsed": {"repr": "0:00:09.912449", "seconds": 9.912449}, "exception": null, "extra": {"task": "claim_epic_games"}, "file": {"name": "claim.py", "path": "/home/runner/work/free/free/epic/src/claim.py"}, "function": "claim_epic_games", "level": {"icon": "‚ÑπÔ∏è", "name": "INFO", "no": 20}, "line": 97, "message": "Try to flush cookie", "module": "claim", "name": "__main__", "process": {"id": 3512, "name": "MainProcess"}, "thread": {"id": 139691122793344, "name": "MainThread"}, "time": {"repr": "2024-02-10 18:27:47.383360+08:00", "timestamp": 1707560867.38336}}}
{"text": "2024-02-10 18:27:49 | SUCCESS    | epic_games.agent:_login:253 | login - {'result': 'Successfully refreshed tokens'}\n", "record": {"elapsed": {"repr": "0:00:11.847269", "seconds": 11.847269}, "exception": null, "extra": {"result": "Successfully refreshed tokens"}, "file": {"name": "agent.py", "path": "/home/runner/work/free/free/epic/src/epic_games/agent.py"}, "function": "_login", "level": {"icon": "‚úÖ", "name": "SUCCESS", "no": 25}, "line": 253, "message": "login", "module": "agent", "name": "epic_games.agent", "process": {"id": 3512, "name": "MainProcess"}, "thread": {"id": 139691122793344, "name": "MainThread"}, "time": {"repr": "2024-02-10 18:27:49.318180+08:00", "timestamp": 1707560869.31818}}}
{"text": "2024-02-10 18:28:00 | SUCCESS    | epic_games.agent:flush_token:280 | flush_token - {'path': PosixPath('/home/runner/work/free/free/epic/user_data_dir/epic-games@1442282810/ctx_cookie.json')}\n", "record": {"elapsed": {"repr": "0:00:23.494031", "seconds": 23.494031}, "exception": null, "extra": {"path": "/home/runner/work/free/free/epic/user_data_dir/epic-games@1442282810/ctx_cookie.json"}, "file": {"name": "agent.py", "path": "/home/runner/work/free/free/epic/src/epic_games/agent.py"}, "function": "flush_token", "level": {"icon": "‚úÖ", "name": "SUCCESS", "no": 25}, "line": 280, "message": "flush_token", "module": "agent", "name": "epic_games.agent", "process": {"id": 3512, "name": "MainProcess"}, "thread": {"id": 139691122793344, "name": "MainThread"}, "time": {"repr": "2024-02-10 18:28:00.964942+08:00", "timestamp": 1707560880.964942}}}
{"text": "2024-02-10 18:28:01 | WARNING    | epic_games.agent:get_order_history:467 | Failed to get order history, cookie may have expired - {}\n", "record": {"elapsed": {"repr": "0:00:23.587378", "seconds": 23.587378}, "exception": null, "extra": {}, "file": {"name": "agent.py", "path": "/home/runner/work/free/free/epic/src/epic_games/agent.py"}, "function": "get_order_history", "level": {"icon": "‚ö†Ô∏è", "name": "WARNING", "no": 30}, "line": 467, "message": "Failed to get order history, cookie may have expired", "module": "agent", "name": "epic_games.agent", "process": {"id": 3512, "name": "MainProcess"}, "thread": {"id": 139691122793344, "name": "MainThread"}, "time": {"repr": "2024-02-10 18:28:01.058289+08:00", "timestamp": 1707560881.058289}}}
{"text": "2024-02-10 18:28:01 | DEBUG    | __main__:create_tasks:66 | Put task - {'title': 'Doki Doki Literature Club Plus!', 'url': 'https://store.epicgames.com/en-US/p/doki-doki-literature-club-plus'}\n", "record": {"elapsed": {"repr": "0:00:23.836008", "seconds": 23.836008}, "exception": null, "extra": {"title": "Doki Doki Literature Club Plus!", "url": "https://store.epicgames.com/en-US/p/doki-doki-literature-club-plus"}, "file": {"name": "claim.py", "path": "/home/runner/work/free/free/epic/src/claim.py"}, "function": "create_tasks", "level": {"icon": "üêû", "name": "DEBUG", "no": 10}, "line": 66, "message": "Put task", "module": "claim", "name": "__main__", "process": {"id": 3512, "name": "MainProcess"}, "thread": {"id": 139691122793344, "name": "MainThread"}, "time": {"repr": "2024-02-10 18:28:01.306919+08:00", "timestamp": 1707560881.306919}}}
{"text": "2024-02-10 18:28:01 | DEBUG    | __main__:create_tasks:66 | Put task - {'title': 'Lost Castle', 'url': 'https://store.epicgames.com/en-US/p/lost-castle-abb2e2'}\n", "record": {"elapsed": {"repr": "0:00:23.836582", "seconds": 23.836582}, "exception": null, "extra": {"title": "Lost Castle", "url": "https://store.epicgames.com/en-US/p/lost-castle-abb2e2"}, "file": {"name": "claim.py", "path": "/home/runner/work/free/free/epic/src/claim.py"}, "function": "create_tasks", "level": {"icon": "üêû", "name": "DEBUG", "no": 10}, "line": 66, "message": "Put task", "module": "claim", "name": "__main__", "process": {"id": 3512, "name": "MainProcess"}, "thread": {"id": 139691122793344, "name": "MainThread"}, "time": {"repr": "2024-02-10 18:28:01.307493+08:00", "timestamp": 1707560881.307493}}}
{"text": "2024-02-10 18:28:01 | INFO    | epic_games.agent:claim_weekly_games:294 | claim_weekly_games - {'action': 'go to store', 'url': 'https://store.epicgames.com/en-US/p/doki-doki-literature-club-plus'}\n", "record": {"elapsed": {"repr": "0:00:23.837031", "seconds": 23.837031}, "exception": null, "extra": {"action": "go to store", "url": "https://store.epicgames.com/en-US/p/doki-doki-literature-club-plus"}, "file": {"name": "agent.py", "path": "/home/runner/work/free/free/epic/src/epic_games/agent.py"}, "function": "claim_weekly_games", "level": {"icon": "‚ÑπÔ∏è", "name": "INFO", "no": 20}, "line": 294, "message": "claim_weekly_games", "module": "agent", "name": "epic_games.agent", "process": {"id": 3512, "name": "MainProcess"}, "thread": {"id": 139691122793344, "name": "MainThread"}, "time": {"repr": "2024-02-10 18:28:01.307942+08:00", "timestamp": 1707560881.307942}}}
{"text": "2024-02-10 18:28:04 | INFO    | epic_games.agent:claim_weekly_games:294 | claim_weekly_games - {'action': 'go to store', 'url': 'https://store.epicgames.com/en-US/p/lost-castle-abb2e2'}\n", "record": {"elapsed": {"repr": "0:00:26.699838", "seconds": 26.699838}, "exception": null, "extra": {"action": "go to store", "url": "https://store.epicgames.com/en-US/p/lost-castle-abb2e2"}, "file": {"name": "agent.py", "path": "/home/runner/work/free/free/epic/src/epic_games/agent.py"}, "function": "claim_weekly_games", "level": {"icon": "‚ÑπÔ∏è", "name": "INFO", "no": 20}, "line": 294, "message": "claim_weekly_games", "module": "agent", "name": "epic_games.agent", "process": {"id": 3512, "name": "MainProcess"}, "thread": {"id": 139691122793344, "name": "MainThread"}, "time": {"repr": "2024-02-10 18:28:04.170749+08:00", "timestamp": 1707560884.170749}}}
{"text": "2024-02-10 18:28:12 | INFO    | epic_games.agent:claim_weekly_games:326 | claim_weekly_games - {'action': 'move to webPurchaseContainer iframe'}\n", "record": {"elapsed": {"repr": "0:00:35.503723", "seconds": 35.503723}, "exception": null, "extra": {"action": "move to webPurchaseContainer iframe"}, "file": {"name": "agent.py", "path": "/home/runner/work/free/free/epic/src/epic_games/agent.py"}, "function": "claim_weekly_games", "level": {"icon": "‚ÑπÔ∏è", "name": "INFO", "no": 20}, "line": 326, "message": "claim_weekly_games", "module": "agent", "name": "epic_games.agent", "process": {"id": 3512, "name": "MainProcess"}, "thread": {"id": 139691122793344, "name": "MainThread"}, "time": {"repr": "2024-02-10 18:28:12.974634+08:00", "timestamp": 1707560892.974634}}}
{"text": "2024-02-10 18:28:17 | INFO    | epic_games.agent:claim_weekly_games:328 | claim_weekly_games - {'action': 'click payment button'}\n", "record": {"elapsed": {"repr": "0:00:39.786132", "seconds": 39.786132}, "exception": null, "extra": {"action": "click payment button"}, "file": {"name": "agent.py", "path": "/home/runner/work/free/free/epic/src/epic_games/agent.py"}, "function": "claim_weekly_games", "level": {"icon": "‚ÑπÔ∏è", "name": "INFO", "no": 20}, "line": 328, "message": "claim_weekly_games", "module": "agent", "name": "epic_games.agent", "process": {"id": 3512, "name": "MainProcess"}, "thread": {"id": 139691122793344, "name": "MainThread"}, "time": {"repr": "2024-02-10 18:28:17.257043+08:00", "timestamp": 1707560897.257043}}}
{"text": "2024-02-10 18:28:22 | DEBUG    | hcaptcha_challenger.agents.playwright.control:_parse_label:241 | get task - {'prompt': 'Please click on the obœ≥ect that ‘Åiffers from others.'}\n", "record": {"elapsed": {"repr": "0:00:44.788454", "seconds": 44.788454}, "exception": null, "extra": {"prompt": "Please click on the obœ≥ect that ‘Åiffers from others."}, "file": {"name": "control.py", "path": "/opt/hostedtoolcache/Python/3.10.13/x64/lib/python3.10/site-packages/hcaptcha_challenger/agents/playwright/control.py"}, "function": "_parse_label", "level": {"icon": "üêû", "name": "DEBUG", "no": 10}, "line": 241, "message": "get task", "module": "control", "name": "hcaptcha_challenger.agents.playwright.control", "process": {"id": 3512, "name": "MainProcess"}, "thread": {"id": 139691122793344, "name": "MainThread"}, "time": {"repr": "2024-02-10 18:28:22.259365+08:00", "timestamp": 1707560902.259365}}}
{"text": "2024-02-10 18:28:27 | DEBUG    | epic_games.agent:insert_challenge:106 | task done - {'sattus': 'success'}\n", "record": {"elapsed": {"repr": "0:00:49.710073", "seconds": 49.710073}, "exception": null, "extra": {"sattus": "success"}, "file": {"name": "agent.py", "path": "/home/runner/work/free/free/epic/src/epic_games/agent.py"}, "function": "insert_challenge", "level": {"icon": "üêû", "name": "DEBUG", "no": 10}, "line": 106, "message": "task done", "module": "agent", "name": "epic_games.agent", "process": {"id": 3512, "name": "MainProcess"}, "thread": {"id": 139691122793344, "name": "MainThread"}, "time": {"repr": "2024-02-10 18:28:27.180984+08:00", "timestamp": 1707560907.180984}}}
{"text": "2024-02-10 18:28:59 | INFO    | epic_games.agent:claim_weekly_games:294 | claim_weekly_games - {'action': 'go to store', 'url': 'https://store.epicgames.com/en-US/p/doki-doki-literature-club-plus'}\n", "record": {"elapsed": {"repr": "0:01:21.858253", "seconds": 81.858253}, "exception": null, "extra": {"action": "go to store", "url": "https://store.epicgames.com/en-US/p/doki-doki-literature-club-plus"}, "file": {"name": "agent.py", "path": "/home/runner/work/free/free/epic/src/epic_games/agent.py"}, "function": "claim_weekly_games", "level": {"icon": "‚ÑπÔ∏è", "name": "INFO", "no": 20}, "line": 294, "message": "claim_weekly_games", "module": "agent", "name": "epic_games.agent", "process": {"id": 3512, "name": "MainProcess"}, "thread": {"id": 139691122793344, "name": "MainThread"}, "time": {"repr": "2024-02-10 18:28:59.329164+08:00", "timestamp": 1707560939.329164}}}
{"text": "2024-02-10 18:29:04 | INFO    | epic_games.agent:claim_weekly_games:294 | claim_weekly_games - {'action': 'go to store', 'url': 'https://store.epicgames.com/en-US/p/lost-castle-abb2e2'}\n", "record": {"elapsed": {"repr": "0:01:26.603558", "seconds": 86.603558}, "exception": null, "extra": {"action": "go to store", "url": "https://store.epicgames.com/en-US/p/lost-castle-abb2e2"}, "file": {"name": "agent.py", "path": "/home/runner/work/free/free/epic/src/epic_games/agent.py"}, "function": "claim_weekly_games", "level": {"icon": "‚ÑπÔ∏è", "name": "INFO", "no": 20}, "line": 294, "message": "claim_weekly_games", "module": "agent", "name": "epic_games.agent", "process": {"id": 3512, "name": "MainProcess"}, "thread": {"id": 139691122793344, "name": "MainThread"}, "time": {"repr": "2024-02-10 18:29:04.074469+08:00", "timestamp": 1707560944.074469}}}
{"text": "2024-02-10 18:29:12 | INFO    | epic_games.agent:claim_weekly_games:326 | claim_weekly_games - {'action': 'move to webPurchaseContainer iframe'}\n", "record": {"elapsed": {"repr": "0:01:35.424792", "seconds": 95.424792}, "exception": null, "extra": {"action": "move to webPurchaseContainer iframe"}, "file": {"name": "agent.py", "path": "/home/runner/work/free/free/epic/src/epic_games/agent.py"}, "function": "claim_weekly_games", "level": {"icon": "‚ÑπÔ∏è", "name": "INFO", "no": 20}, "line": 326, "message": "claim_weekly_games", "module": "agent", "name": "epic_games.agent", "process": {"id": 3512, "name": "MainProcess"}, "thread": {"id": 139691122793344, "name": "MainThread"}, "time": {"repr": "2024-02-10 18:29:12.895703+08:00", "timestamp": 1707560952.895703}}}
{"text": "2024-02-10 18:29:17 | INFO    | epic_games.agent:claim_weekly_games:328 | claim_weekly_games - {'action': 'click payment button'}\n", "record": {"elapsed": {"repr": "0:01:39.676705", "seconds": 99.676705}, "exception": null, "extra": {"action": "click payment button"}, "file": {"name": "agent.py", "path": "/home/runner/work/free/free/epic/src/epic_games/agent.py"}, "function": "claim_weekly_games", "level": {"icon": "‚ÑπÔ∏è", "name": "INFO", "no": 20}, "line": 328, "message": "claim_weekly_games", "module": "agent", "name": "epic_games.agent", "process": {"id": 3512, "name": "MainProcess"}, "thread": {"id": 139691122793344, "name": "MainThread"}, "time": {"repr": "2024-02-10 18:29:17.147616+08:00", "timestamp": 1707560957.147616}}}
{"text": "2024-02-10 18:29:22 | DEBUG    | hcaptcha_challenger.agents.playwright.control:_parse_label:241 | get task - {'prompt': 'Please click Œøn the Œøbject that differs from others.'}\n", "record": {"elapsed": {"repr": "0:01:44.679336", "seconds": 104.679336}, "exception": null, "extra": {"prompt": "Please click Œøn the Œøbject that differs from others."}, "file": {"name": "control.py", "path": "/opt/hostedtoolcache/Python/3.10.13/x64/lib/python3.10/site-packages/hcaptcha_challenger/agents/playwright/control.py"}, "function": "_parse_label", "level": {"icon": "üêû", "name": "DEBUG", "no": 10}, "line": 241, "message": "get task", "module": "control", "name": "hcaptcha_challenger.agents.playwright.control", "process": {"id": 3512, "name": "MainProcess"}, "thread": {"id": 139691122793344, "name": "MainThread"}, "time": {"repr": "2024-02-10 18:29:22.150247+08:00", "timestamp": 1707560962.150247}}}
{"text": "2024-02-10 18:29:27 | DEBUG    | epic_games.agent:insert_challenge:106 | task done - {'sattus': 'success'}\n", "record": {"elapsed": {"repr": "0:01:49.607203", "seconds": 109.607203}, "exception": null, "extra": {"sattus": "success"}, "file": {"name": "agent.py", "path": "/home/runner/work/free/free/epic/src/epic_games/agent.py"}, "function": "insert_challenge", "level": {"icon": "üêû", "name": "DEBUG", "no": 10}, "line": 106, "message": "task done", "module": "agent", "name": "epic_games.agent", "process": {"id": 3512, "name": "MainProcess"}, "thread": {"id": 139691122793344, "name": "MainThread"}, "time": {"repr": "2024-02-10 18:29:27.078114+08:00", "timestamp": 1707560967.078114}}}
{"text": "2024-02-10 18:29:59 | INFO    | epic_games.agent:claim_weekly_games:294 | claim_weekly_games - {'action': 'go to store', 'url': 'https://store.epicgames.com/en-US/p/doki-doki-literature-club-plus'}\n", "record": {"elapsed": {"repr": "0:02:21.756647", "seconds": 141.756647}, "exception": null, "extra": {"action": "go to store", "url": "https://store.epicgames.com/en-US/p/doki-doki-literature-club-plus"}, "file": {"name": "agent.py", "path": "/home/runner/work/free/free/epic/src/epic_games/agent.py"}, "function": "claim_weekly_games", "level": {"icon": "‚ÑπÔ∏è", "name": "INFO", "no": 20}, "line": 294, "message": "claim_weekly_games", "module": "agent", "name": "epic_games.agent", "process": {"id": 3512, "name": "MainProcess"}, "thread": {"id": 139691122793344, "name": "MainThread"}, "time": {"repr": "2024-02-10 18:29:59.227558+08:00", "timestamp": 1707560999.227558}}}
{"text": "2024-02-10 18:30:04 | INFO    | epic_games.agent:claim_weekly_games:294 | claim_weekly_games - {'action': 'go to store', 'url': 'https://store.epicgames.com/en-US/p/lost-castle-abb2e2'}\n", "record": {"elapsed": {"repr": "0:02:26.583914", "seconds": 146.583914}, "exception": null, "extra": {"action": "go to store", "url": "https://store.epicgames.com/en-US/p/lost-castle-abb2e2"}, "file": {"name": "agent.py", "path": "/home/runner/work/free/free/epic/src/epic_games/agent.py"}, "function": "claim_weekly_games", "level": {"icon": "‚ÑπÔ∏è", "name": "INFO", "no": 20}, "line": 294, "message": "claim_weekly_games", "module": "agent", "name": "epic_games.agent", "process": {"id": 3512, "name": "MainProcess"}, "thread": {"id": 139691122793344, "name": "MainThread"}, "time": {"repr": "2024-02-10 18:30:04.054825+08:00", "timestamp": 1707561004.054825}}}
{"text": "2024-02-10 18:30:13 | INFO    | epic_games.agent:claim_weekly_games:326 | claim_weekly_games - {'action': 'move to webPurchaseContainer iframe'}\n", "record": {"elapsed": {"repr": "0:02:35.684975", "seconds": 155.684975}, "exception": null, "extra": {"action": "move to webPurchaseContainer iframe"}, "file": {"name": "agent.py", "path": "/home/runner/work/free/free/epic/src/epic_games/agent.py"}, "function": "claim_weekly_games", "level": {"icon": "‚ÑπÔ∏è", "name": "INFO", "no": 20}, "line": 326, "message": "claim_weekly_games", "module": "agent", "name": "epic_games.agent", "process": {"id": 3512, "name": "MainProcess"}, "thread": {"id": 139691122793344, "name": "MainThread"}, "time": {"repr": "2024-02-10 18:30:13.155886+08:00", "timestamp": 1707561013.155886}}}
{"text": "2024-02-10 18:30:17 | INFO    | epic_games.agent:claim_weekly_games:328 | claim_weekly_games - {'action': 'click payment button'}\n", "record": {"elapsed": {"repr": "0:02:39.978496", "seconds": 159.978496}, "exception": null, "extra": {"action": "click payment button"}, "file": {"name": "agent.py", "path": "/home/runner/work/free/free/epic/src/epic_games/agent.py"}, "function": "claim_weekly_games", "level": {"icon": "‚ÑπÔ∏è", "name": "INFO", "no": 20}, "line": 328, "message": "claim_weekly_games", "module": "agent", "name": "epic_games.agent", "process": {"id": 3512, "name": "MainProcess"}, "thread": {"id": 139691122793344, "name": "MainThread"}, "time": {"repr": "2024-02-10 18:30:17.449407+08:00", "timestamp": 1707561017.449407}}}
{"text": "2024-02-10 18:30:22 | DEBUG    | hcaptcha_challenger.agents.playwright.control:_parse_label:241 | get task - {'prompt': 'Please click on the object that differs from Œøthers.'}\n", "record": {"elapsed": {"repr": "0:02:44.981077", "seconds": 164.981077}, "exception": null, "extra": {"prompt": "Please click on the object that differs from Œøthers."}, "file": {"name": "control.py", "path": "/opt/hostedtoolcache/Python/3.10.13/x64/lib/python3.10/site-packages/hcaptcha_challenger/agents/playwright/control.py"}, "function": "_parse_label", "level": {"icon": "üêû", "name": "DEBUG", "no": 10}, "line": 241, "message": "get task", "module": "control", "name": "hcaptcha_challenger.agents.playwright.control", "process": {"id": 3512, "name": "MainProcess"}, "thread": {"id": 139691122793344, "name": "MainThread"}, "time": {"repr": "2024-02-10 18:30:22.451988+08:00", "timestamp": 1707561022.451988}}}
{"text": "2024-02-10 18:30:29 | DEBUG    | epic_games.agent:insert_challenge:106 | task done - {'sattus': 'success'}\n", "record": {"elapsed": {"repr": "0:02:51.544329", "seconds": 171.544329}, "exception": null, "extra": {"sattus": "success"}, "file": {"name": "agent.py", "path": "/home/runner/work/free/free/epic/src/epic_games/agent.py"}, "function": "insert_challenge", "level": {"icon": "üêû", "name": "DEBUG", "no": 10}, "line": 106, "message": "task done", "module": "agent", "name": "epic_games.agent", "process": {"id": 3512, "name": "MainProcess"}, "thread": {"id": 139691122793344, "name": "MainThread"}, "time": {"repr": "2024-02-10 18:30:29.015240+08:00", "timestamp": 1707561029.01524}}}
{"text": "2024-02-10 18:31:00 | ERROR    | __main__:run:158 | An error has been caught in function 'run', process 'MainProcess' (3512), thread 'MainThread' (139691122793344): - {}\nTraceback (most recent call last):\n  File \"/home/runner/work/free/free/epic/src/claim.py\", line 151, in stash\n    await self.claim_epic_games(context)\n  File \"/home/runner/work/free/free/epic/src/claim.py\", line 122, in claim_epic_games\n    await epic.claim_weekly_games(page, single_promotions)\n  File \"/opt/hostedtoolcache/Python/3.10.13/x64/lib/python3.10/site-packages/tenacity/_asyncio.py\", line 88, in async_wrapped\n    return await fn(*args, **kwargs)\n  File \"/opt/hostedtoolcache/Python/3.10.13/x64/lib/python3.10/site-packages/tenacity/_asyncio.py\", line 47, in __call__\n    do = self.iter(retry_state=retry_state)\n  File \"/opt/hostedtoolcache/Python/3.10.13/x64/lib/python3.10/site-packages/tenacity/__init__.py\", line 325, in iter\n    raise retry_exc.reraise()\n  File \"/opt/hostedtoolcache/Python/3.10.13/x64/lib/python3.10/site-packages/tenacity/__init__.py\", line 158, in reraise\n    raise self.last_attempt.result()\n  File \"/opt/hostedtoolcache/Python/3.10.13/x64/lib/python3.10/concurrent/futures/_base.py\", line 451, in result\n    return self.__get_result()\n  File \"/opt/hostedtoolcache/Python/3.10.13/x64/lib/python3.10/concurrent/futures/_base.py\", line 403, in __get_result\n    raise self._exception\n  File \"/opt/hostedtoolcache/Python/3.10.13/x64/lib/python3.10/site-packages/tenacity/_asyncio.py\", line 50, in __call__\n    result = await fn(*args, **kwargs)\n  File \"/home/runner/work/free/free/epic/src/epic_games/agent.py\", line 338, in claim_weekly_games\n    await page.wait_for_url(recur_url)\n  File \"/opt/hostedtoolcache/Python/3.10.13/x64/lib/python3.10/site-packages/playwright/async_api/_generated.py\", line 9432, in wait_for_url\n    await self._impl_obj.wait_for_url(\n  File \"/opt/hostedtoolcache/Python/3.10.13/x64/lib/python3.10/site-packages/playwright/_impl/_page.py\", line 508, in wait_for_url\n    return await self._main_frame.wait_for_url(**locals_to_params(locals()))\n  File \"/opt/hostedtoolcache/Python/3.10.13/x64/lib/python3.10/site-packages/playwright/_impl/_frame.py\", line 237, in wait_for_url\n    async with self.expect_navigation(\n  File \"/opt/hostedtoolcache/Python/3.10.13/x64/lib/python3.10/site-packages/playwright/_impl/_event_context_manager.py\", line 33, in __aexit__\n    await self._future\n  File \"/opt/hostedtoolcache/Python/3.10.13/x64/lib/python3.10/site-packages/playwright/_impl/_frame.py\", line 212, in continuation\n    event = await waiter.result()\nplaywright._impl._errors.TimeoutError: Timeout 30000ms exceeded.\n=========================== logs ===========================\nwaiting for navigation to \"https://store.epicgames.com/en-US/cart/success\" until 'load'\n============================================================\n\nDuring handling of the above exception, another exception occurred:\n\nTraceback (most recent call last):\n  File \"/home/runner/work/free/free/epic/src/claim.py\", line 162, in <module>\n    asyncio.run(run())\n  File \"/opt/hostedtoolcache/Python/3.10.13/x64/lib/python3.10/asyncio/runners.py\", line 44, in run\n    return loop.run_until_complete(main)\n  File \"/opt/hostedtoolcache/Python/3.10.13/x64/lib/python3.10/asyncio/base_events.py\", line 636, in run_until_complete\n    self.run_forever()\n  File \"/opt/hostedtoolcache/Python/3.10.13/x64/lib/python3.10/asyncio/base_events.py\", line 603, in run_forever\n    self._run_once()\n  File \"/opt/hostedtoolcache/Python/3.10.13/x64/lib/python3.10/asyncio/base_events.py\", line 1909, in _run_once\n    handle._run()\n  File \"/opt/hostedtoolcache/Python/3.10.13/x64/lib/python3.10/asyncio/events.py\", line 80, in _run\n    self._context.run(self._callback, *self._args)\n> File \"/home/runner/work/free/free/epic/src/claim.py\", line 158, in run\n    await agent.stash()\n  File \"/home/runner/work/free/free/epic/src/claim.py\", line 139, in stash\n    async with async_playwright() as p:\n  File \"/opt/hostedtoolcache/Python/3.10.13/x64/lib/python3.10/site-packages/playwright/async_api/_context_manager.py\", line 58, in __aexit__\n    await self._connection.stop_async()\n  File \"/opt/hostedtoolcache/Python/3.10.13/x64/lib/python3.10/site-packages/playwright/_impl/_connection.py\", line 289, in stop_async\n    self.cleanup()\n  File \"/opt/hostedtoolcache/Python/3.10.13/x64/lib/python3.10/site-packages/playwright/_impl/_connection.py\", line 300, in cleanup\n    callback.future.set_exception(self._closed_error)\nasyncio.exceptions.InvalidStateError: invalid state\n", "record": {"elapsed": {"repr": "0:03:23.393476", "seconds": 203.393476}, "exception": {"type": "InvalidStateError", "value": "invalid state", "traceback": true}, "extra": {}, "file": {"name": "claim.py", "path": "/home/runner/work/free/free/epic/src/claim.py"}, "function": "run", "level": {"icon": "‚ùå", "name": "ERROR", "no": 40}, "line": 158, "message": "An error has been caught in function 'run', process 'MainProcess' (3512), thread 'MainThread' (139691122793344):", "module": "claim", "name": "__main__", "process": {"id": 3512, "name": "MainProcess"}, "thread": {"id": 139691122793344, "name": "MainThread"}, "time": {"repr": "2024-02-10 18:31:00.864387+08:00", "timestamp": 1707561060.864387}}}
